<?xml version="1.0" encoding="UTF-8"?>
<!-- Generated by org.testng.reporters.JUnitReportReporter -->
<testsuite skipped="0" hostname="Kishori" name="com.jbk.QA.TestCases.UserPage_Test" tests="2" failures="0" timestamp="21 Nov 2018 06:44:37 GMT" time="31.964" errors="0">
  <testcase name="verifyuserpagesubtitle" time="15.987" classname="com.jbk.QA.TestCases.UserPage_Test"/>
  <testcase name="valiadteAdduser" time="15.977" classname="com.jbk.QA.TestCases.UserPage_Test"/>
</testsuite> <!-- com.jbk.QA.TestCases.UserPage_Test -->
