<?xml version="1.0" encoding="UTF-8"?>
<!-- Generated by org.testng.reporters.JUnitReportReporter -->
<testsuite skipped="0" hostname="Kishori" name="com.jbk.QA.TestCases.DashboardPage_Test" tests="1" failures="0" timestamp="21 Nov 2018 06:44:37 GMT" time="14.790" errors="0">
  <testcase name="verifyDashboardTitle" time="14.790" classname="com.jbk.QA.TestCases.DashboardPage_Test"/>
</testsuite> <!-- com.jbk.QA.TestCases.DashboardPage_Test -->
