<?xml version="1.0" encoding="UTF-8"?>
<!-- Generated by org.testng.reporters.JUnitReportReporter -->
<testsuite skipped="0" hostname="Kishori" name="com.jbk.QA.TestCases.LoginpageTest" tests="1" failures="0" timestamp="21 Nov 2018 06:44:37 GMT" time="13.419" errors="0">
  <testcase name="LoginPageTitleTest" time="13.419" classname="com.jbk.QA.TestCases.LoginpageTest"/>
</testsuite> <!-- com.jbk.QA.TestCases.LoginpageTest -->
