<?xml version="1.0" encoding="UTF-8"?>
<!-- Generated by org.testng.reporters.JUnitReportReporter -->
<testsuite skipped="0" hostname="Kishori" name="com.jbk.QA.TestCases.AddUserPage_Test" tests="2" failures="0" timestamp="21 Nov 2018 06:44:37 GMT" time="33.359" errors="0">
  <testcase name="verifyAddUserTitle" time="15.870" classname="com.jbk.QA.TestCases.AddUserPage_Test"/>
  <testcase name="verifyPlaceholders" time="17.489" classname="com.jbk.QA.TestCases.AddUserPage_Test"/>
</testsuite> <!-- com.jbk.QA.TestCases.AddUserPage_Test -->
