<?xml version="1.0" encoding="UTF-8"?>
<!-- Generated by org.testng.reporters.JUnitReportReporter -->
<testsuite skipped="0" hostname="Kishori" name="com.jbk.QA.TestCases.RegistrationPage_Test" tests="2" failures="0" timestamp="21 Nov 2018 06:44:37 GMT" time="26.836" errors="0">
  <testcase name="verifyNewMemberTitle" time="13.494" classname="com.jbk.QA.TestCases.RegistrationPage_Test"/>
  <testcase name="verifyPlaceholder" time="13.342" classname="com.jbk.QA.TestCases.RegistrationPage_Test"/>
</testsuite> <!-- com.jbk.QA.TestCases.RegistrationPage_Test -->
