<?xml version="1.0" encoding="UTF-8"?>
<!-- Generated by org.testng.reporters.JUnitReportReporter -->
<testsuite skipped="0" hostname="Kishori" name="com.jbk.QA.TestCases.OperatorPage_Test" tests="2" failures="0" timestamp="21 Nov 2018 06:44:37 GMT" time="33.753" errors="0">
  <testcase name="verifyoperatorlisttitle" time="14.940" classname="com.jbk.QA.TestCases.OperatorPage_Test"/>
  <testcase name="verifyTextBox" time="18.813" classname="com.jbk.QA.TestCases.OperatorPage_Test"/>
</testsuite> <!-- com.jbk.QA.TestCases.OperatorPage_Test -->
