<?xml version="1.0" encoding="UTF-8"?>
<!-- Generated by org.testng.reporters.JUnitReportReporter -->
<testsuite skipped="0" hostname="Kishori" name="com.jbk.QA.TestCases.UserPage_Test" tests="1" failures="0" timestamp="21 Nov 2018 09:34:30 GMT" time="19.448" errors="0">
  <testcase name="verifyuserpagesubtitle" time="19.448" classname="com.jbk.QA.TestCases.UserPage_Test"/>
</testsuite> <!-- com.jbk.QA.TestCases.UserPage_Test -->
