<?xml version="1.0" encoding="UTF-8"?>
<!-- Generated by org.testng.reporters.JUnitReportReporter -->
<testsuite skipped="0" hostname="Kishori" name="com.jbk.QA.TestCases.AddUserPage_Test" tests="2" failures="0" timestamp="21 Nov 2018 09:34:30 GMT" time="38.982" errors="0">
  <testcase name="verifyAddUserTitle" time="18.713" classname="com.jbk.QA.TestCases.AddUserPage_Test"/>
  <testcase name="verifyPlaceholders" time="20.269" classname="com.jbk.QA.TestCases.AddUserPage_Test"/>
</testsuite> <!-- com.jbk.QA.TestCases.AddUserPage_Test -->
